[3982:3982:0514/194521:ERROR:url_pattern_set.cc(240)] Invalid url pattern: chrome://print/*
libGL error: MESA-LOADER: could not create udev device for fd 29
ATTENTION: default value of option force_s3tc_enable overridden by environment.
[3982:4078:0514/194531:ERROR:get_updates_processor.cc(240)] PostClientToServerMessage() failed during GetUpdates
[3982:4025:0514/194534:ERROR:native_process_launcher.cc(130)] Can't find manifest for native messaging host net.ietab.ietabhelper.peruser
[3982:4031:0514/194534:ERROR:native_process_launcher.cc(130)] Can't find manifest for native messaging host net.ietab.ietabhelper.perbox
[3982:4031:0514/194534:ERROR:native_process_launcher.cc(130)] Can't find manifest for native messaging host net.ietab.ietabhelper.peruser
[3982:4025:0514/194534:ERROR:native_process_launcher.cc(130)] Can't find manifest for native messaging host net.ietab.ietabhelper.perbox
[3982:4025:0514/194534:ERROR:native_process_launcher.cc(130)] Can't find manifest for native messaging host net.ietab.ietabhelper.peruser
[3982:4025:0514/194534:ERROR:native_process_launcher.cc(130)] Can't find manifest for native messaging host net.ietab.ietabhelper.perbox
[3982:4015:0514/194904:ERROR:channel.cc(299)] RawChannel read error (connection broken)
[3982:4015:0514/195030:ERROR:channel.cc(299)] RawChannel read error (connection broken)
[WARNING:flash/platform/pepper/pep_module.cpp(63)] SANDBOXED
[3982:4025:0514/195534:ERROR:native_process_launcher.cc(130)] Can't find manifest for native messaging host net.ietab.ietabhelper.peruser
[3982:4031:0514/195534:ERROR:native_process_launcher.cc(130)] Can't find manifest for native messaging host net.ietab.ietabhelper.perbox
[3982:4009:0514/195534:ERROR:native_process_launcher.cc(130)] Can't find manifest for native messaging host net.ietab.ietabhelper.peruser
[3982:4025:0514/195534:ERROR:native_process_launcher.cc(130)] Can't find manifest for native messaging host net.ietab.ietabhelper.perbox
[3982:4015:0514/195705:ERROR:channel.cc(299)] RawChannel read error (connection broken)
[3982:4015:0514/195708:ERROR:channel.cc(299)] RawChannel read error (connection broken)
[3982:4009:0514/200534:ERROR:native_process_launcher.cc(130)] Can't find manifest for native messaging host net.ietab.ietabhelper.peruser
[3982:4025:0514/200534:ERROR:native_process_launcher.cc(130)] Can't find manifest for native messaging host net.ietab.ietabhelper.perbox
[3982:4031:0514/200534:ERROR:native_process_launcher.cc(130)] Can't find manifest for native messaging host net.ietab.ietabhelper.peruser
[3982:4009:0514/200534:ERROR:native_process_launcher.cc(130)] Can't find manifest for native messaging host net.ietab.ietabhelper.perbox
[3982:4009:0514/201534:ERROR:native_process_launcher.cc(130)] Can't find manifest for native messaging host net.ietab.ietabhelper.peruser
[3982:4031:0514/201534:ERROR:native_process_launcher.cc(130)] Can't find manifest for native messaging host net.ietab.ietabhelper.perbox
[3982:4009:0514/201534:ERROR:native_process_launcher.cc(130)] Can't find manifest for native messaging host net.ietab.ietabhelper.peruser
[3982:4025:0514/201534:ERROR:native_process_launcher.cc(130)] Can't find manifest for native messaging host net.ietab.ietabhelper.perbox
[3982:4031:0514/202534:ERROR:native_process_launcher.cc(130)] Can't find manifest for native messaging host net.ietab.ietabhelper.peruser
[3982:4025:0514/202534:ERROR:native_process_launcher.cc(130)] Can't find manifest for native messaging host net.ietab.ietabhelper.perbox
[3982:4031:0514/202534:ERROR:native_process_launcher.cc(130)] Can't find manifest for native messaging host net.ietab.ietabhelper.peruser
[3982:4009:0514/202534:ERROR:native_process_launcher.cc(130)] Can't find manifest for native messaging host net.ietab.ietabhelper.perbox
[3982:4015:0514/202752:ERROR:channel.cc(299)] RawChannel read error (connection broken)
[3982:4015:0514/202758:ERROR:channel.cc(299)] RawChannel read error (connection broken)
[3982:4009:0514/203534:ERROR:native_process_launcher.cc(130)] Can't find manifest for native messaging host net.ietab.ietabhelper.peruser
[3982:4025:0514/203534:ERROR:native_process_launcher.cc(130)] Can't find manifest for native messaging host net.ietab.ietabhelper.perbox
[3982:4009:0514/203534:ERROR:native_process_launcher.cc(130)] Can't find manifest for native messaging host net.ietab.ietabhelper.peruser
[3982:4031:0514/203534:ERROR:native_process_launcher.cc(130)] Can't find manifest for native messaging host net.ietab.ietabhelper.perbox
[3982:4009:0514/204534:ERROR:native_process_launcher.cc(130)] Can't find manifest for native messaging host net.ietab.ietabhelper.peruser
[3982:4025:0514/204534:ERROR:native_process_launcher.cc(130)] Can't find manifest for native messaging host net.ietab.ietabhelper.perbox
[3982:4009:0514/204534:ERROR:native_process_launcher.cc(130)] Can't find manifest for native messaging host net.ietab.ietabhelper.peruser
[3982:4031:0514/204534:ERROR:native_process_launcher.cc(130)] Can't find manifest for native messaging host net.ietab.ietabhelper.perbox
[3982:4025:0514/205534:ERROR:native_process_launcher.cc(130)] Can't find manifest for native messaging host net.ietab.ietabhelper.peruser
[3982:4031:0514/205534:ERROR:native_process_launcher.cc(130)] Can't find manifest for native messaging host net.ietab.ietabhelper.perbox
[3982:4025:0514/205534:ERROR:native_process_launcher.cc(130)] Can't find manifest for native messaging host net.ietab.ietabhelper.peruser
[3982:4031:0514/205534:ERROR:native_process_launcher.cc(130)] Can't find manifest for native messaging host net.ietab.ietabhelper.perbox
[3982:4025:0514/210534:ERROR:native_process_launcher.cc(130)] Can't find manifest for native messaging host net.ietab.ietabhelper.peruser
[3982:4031:0514/210534:ERROR:native_process_launcher.cc(130)] Can't find manifest for native messaging host net.ietab.ietabhelper.perbox
[3982:4025:0514/210534:ERROR:native_process_launcher.cc(130)] Can't find manifest for native messaging host net.ietab.ietabhelper.peruser
[3982:4031:0514/210534:ERROR:native_process_launcher.cc(130)] Can't find manifest for native messaging host net.ietab.ietabhelper.perbox
[3982:4009:0514/211534:ERROR:native_process_launcher.cc(130)] Can't find manifest for native messaging host net.ietab.ietabhelper.peruser
[3982:4031:0514/211534:ERROR:native_process_launcher.cc(130)] Can't find manifest for native messaging host net.ietab.ietabhelper.perbox
[3982:4009:0514/211534:ERROR:native_process_launcher.cc(130)] Can't find manifest for native messaging host net.ietab.ietabhelper.peruser
[3982:4025:0514/211534:ERROR:native_process_launcher.cc(130)] Can't find manifest for native messaging host net.ietab.ietabhelper.perbox
[3982:4031:0514/212534:ERROR:native_process_launcher.cc(130)] Can't find manifest for native messaging host net.ietab.ietabhelper.peruser
[3982:4025:0514/212534:ERROR:native_process_launcher.cc(130)] Can't find manifest for native messaging host net.ietab.ietabhelper.perbox
[3982:4031:0514/212534:ERROR:native_process_launcher.cc(130)] Can't find manifest for native messaging host net.ietab.ietabhelper.peruser
[3982:4009:0514/212534:ERROR:native_process_launcher.cc(130)] Can't find manifest for native messaging host net.ietab.ietabhelper.perbox
[3982:4015:0514/213416:ERROR:channel.cc(299)] RawChannel read error (connection broken)
[3982:4031:0514/213534:ERROR:native_process_launcher.cc(130)] Can't find manifest for native messaging host net.ietab.ietabhelper.peruser
[3982:4025:0514/213534:ERROR:native_process_launcher.cc(130)] Can't find manifest for native messaging host net.ietab.ietabhelper.perbox
[3982:4031:0514/213534:ERROR:native_process_launcher.cc(130)] Can't find manifest for native messaging host net.ietab.ietabhelper.peruser
[3982:4009:0514/213534:ERROR:native_process_launcher.cc(130)] Can't find manifest for native messaging host net.ietab.ietabhelper.perbox
[3982:4031:0514/214534:ERROR:native_process_launcher.cc(130)] Can't find manifest for native messaging host net.ietab.ietabhelper.peruser
[3982:4025:0514/214534:ERROR:native_process_launcher.cc(130)] Can't find manifest for native messaging host net.ietab.ietabhelper.perbox
[3982:4009:0514/214534:ERROR:native_process_launcher.cc(130)] Can't find manifest for native messaging host net.ietab.ietabhelper.peruser
[3982:4031:0514/214534:ERROR:native_process_launcher.cc(130)] Can't find manifest for native messaging host net.ietab.ietabhelper.perbox
[3982:4025:0514/215534:ERROR:native_process_launcher.cc(130)] Can't find manifest for native messaging host net.ietab.ietabhelper.peruser
[3982:4031:0514/215534:ERROR:native_process_launcher.cc(130)] Can't find manifest for native messaging host net.ietab.ietabhelper.perbox
[3982:4025:0514/215534:ERROR:native_process_launcher.cc(130)] Can't find manifest for native messaging host net.ietab.ietabhelper.peruser
[3982:4009:0514/215534:ERROR:native_process_launcher.cc(130)] Can't find manifest for native messaging host net.ietab.ietabhelper.perbox
[3982:4025:0514/220534:ERROR:native_process_launcher.cc(130)] Can't find manifest for native messaging host net.ietab.ietabhelper.peruser
[3982:4009:0514/220534:ERROR:native_process_launcher.cc(130)] Can't find manifest for native messaging host net.ietab.ietabhelper.perbox
[3982:4025:0514/220534:ERROR:native_process_launcher.cc(130)] Can't find manifest for native messaging host net.ietab.ietabhelper.peruser
[3982:4031:0514/220534:ERROR:native_process_launcher.cc(130)] Can't find manifest for native messaging host net.ietab.ietabhelper.perbox
[3982:4009:0514/221534:ERROR:native_process_launcher.cc(130)] Can't find manifest for native messaging host net.ietab.ietabhelper.peruser
[3982:4031:0514/221534:ERROR:native_process_launcher.cc(130)] Can't find manifest for native messaging host net.ietab.ietabhelper.perbox
[3982:4009:0514/221534:ERROR:native_process_launcher.cc(130)] Can't find manifest for native messaging host net.ietab.ietabhelper.peruser
[3982:4031:0514/221534:ERROR:native_process_launcher.cc(130)] Can't find manifest for native messaging host net.ietab.ietabhelper.perbox
[3982:4031:0514/222534:ERROR:native_process_launcher.cc(130)] Can't find manifest for native messaging host net.ietab.ietabhelper.peruser
[3982:4009:0514/222534:ERROR:native_process_launcher.cc(130)] Can't find manifest for native messaging host net.ietab.ietabhelper.perbox
[3982:4031:0514/222534:ERROR:native_process_launcher.cc(130)] Can't find manifest for native messaging host net.ietab.ietabhelper.peruser
[3982:4025:0514/222534:ERROR:native_process_launcher.cc(130)] Can't find manifest for native messaging host net.ietab.ietabhelper.perbox
[3982:4025:0514/223534:ERROR:native_process_launcher.cc(130)] Can't find manifest for native messaging host net.ietab.ietabhelper.peruser
[3982:4009:0514/223534:ERROR:native_process_launcher.cc(130)] Can't find manifest for native messaging host net.ietab.ietabhelper.perbox
[3982:4025:0514/223534:ERROR:native_process_launcher.cc(130)] Can't find manifest for native messaging host net.ietab.ietabhelper.peruser
[3982:4031:0514/223534:ERROR:native_process_launcher.cc(130)] Can't find manifest for native messaging host net.ietab.ietabhelper.perbox
[3982:4015:0514/223959:ERROR:channel.cc(299)] RawChannel read error (connection broken)
[3982:4015:0514/224000:ERROR:channel.cc(299)] RawChannel read error (connection broken)
